2017-09-26 11:56:28,680 ERROR [main] - Statistics - Statistics file `/home/adityasharma/.scalaide/statistics` is corrupted. A new one is being created. Corrupted content was:

com.cedarsoftware.util.io.JsonIoException: error parsing JSON value
	at com.cedarsoftware.util.io.JsonReader.readObject(JsonReader.java:529)
	at com.cedarsoftware.util.io.JsonReader.jsonToJava(JsonReader.java:289)
	at com.cedarsoftware.util.io.JsonReader.jsonToJava(JsonReader.java:262)
	at org.scalaide.core.internal.statistics.Statistics.read(Statistics.scala:74)
	at org.scalaide.core.internal.statistics.Statistics.$anonfun$readStats$1(Statistics.scala:52)
	at org.scalaide.core.internal.statistics.Statistics.$anonfun$readStats$1$adapted(Statistics.scala:51)
	at org.scalaide.core.ScalaIdeDataStore$.$anonfun$validate$2(ScalaIdeDataStore.scala:59)
	at org.scalaide.util.eclipse.EclipseUtils$$anon$3.run(EclipseUtils.scala:230)
	at org.eclipse.core.runtime.SafeRunner.run(SafeRunner.java:42)
	at org.scalaide.util.eclipse.EclipseUtils$.withSafeRunner(EclipseUtils.scala:226)
	at org.scalaide.core.ScalaIdeDataStore$.validate(ScalaIdeDataStore.scala:59)
	at org.scalaide.core.internal.statistics.Statistics.readStats(Statistics.scala:51)
	at org.scalaide.core.internal.statistics.Statistics.<init>(Statistics.scala:30)
	at org.scalaide.core.internal.ScalaPlugin.stats$lzycompute(ScalaPlugin.scala:137)
	at org.scalaide.core.internal.ScalaPlugin.stats(ScalaPlugin.scala:137)
	at org.scalaide.core.internal.ScalaPlugin.statistics(ScalaPlugin.scala:140)
	at org.scalaide.core.internal.ScalaPlugin.start(ScalaPlugin.scala:111)
	at org.eclipse.osgi.internal.framework.BundleContextImpl$3.run(BundleContextImpl.java:774)
	at org.eclipse.osgi.internal.framework.BundleContextImpl$3.run(BundleContextImpl.java:1)
	at java.security.AccessController.doPrivileged(Native Method)
	at org.eclipse.osgi.internal.framework.BundleContextImpl.startActivator(BundleContextImpl.java:767)
	at org.eclipse.osgi.internal.framework.BundleContextImpl.start(BundleContextImpl.java:724)
	at org.eclipse.osgi.internal.framework.EquinoxBundle.startWorker0(EquinoxBundle.java:932)
	at org.eclipse.osgi.internal.framework.EquinoxBundle$EquinoxModule.startWorker(EquinoxBundle.java:309)
	at org.eclipse.osgi.container.Module.doStart(Module.java:581)
	at org.eclipse.osgi.container.Module.start(Module.java:449)
	at org.eclipse.osgi.framework.util.SecureAction.start(SecureAction.java:470)
	at org.eclipse.osgi.internal.hooks.EclipseLazyStarter.postFindLocalClass(EclipseLazyStarter.java:107)
	at org.eclipse.osgi.internal.loader.classpath.ClasspathManager.findLocalClass(ClasspathManager.java:529)
	at org.eclipse.osgi.internal.loader.ModuleClassLoader.findLocalClass(ModuleClassLoader.java:325)
	at org.eclipse.osgi.internal.loader.BundleLoader.findLocalClass(BundleLoader.java:345)
	at org.eclipse.osgi.internal.loader.BundleLoader.findClassInternal(BundleLoader.java:423)
	at org.eclipse.osgi.internal.loader.BundleLoader.findClass(BundleLoader.java:372)
	at org.eclipse.osgi.internal.loader.BundleLoader.findClass(BundleLoader.java:364)
	at org.eclipse.osgi.internal.loader.ModuleClassLoader.loadClass(ModuleClassLoader.java:161)
	at java.lang.ClassLoader.loadClass(ClassLoader.java:357)
	at org.eclipse.osgi.internal.framework.EquinoxBundle.loadClass(EquinoxBundle.java:564)
	at org.eclipse.core.internal.registry.osgi.RegistryStrategyOSGI.createExecutableExtension(RegistryStrategyOSGI.java:174)
	at org.eclipse.core.internal.registry.ExtensionRegistry.createExecutableExtension(ExtensionRegistry.java:905)
	at org.eclipse.core.internal.registry.ConfigurationElement.createExecutableExtension(ConfigurationElement.java:243)
	at org.eclipse.core.internal.registry.ConfigurationElementHandle.createExecutableExtension(ConfigurationElementHandle.java:55)
	at org.eclipse.jdt.internal.ui.filters.FilterDescriptor$1.run(FilterDescriptor.java:135)
	at org.eclipse.core.runtime.SafeRunner.run(SafeRunner.java:42)
	at org.eclipse.jdt.internal.ui.filters.FilterDescriptor.createViewerFilter(FilterDescriptor.java:139)
	at org.eclipse.jdt.ui.actions.CustomFiltersActionGroup$FilterItem.getFilterInstance(CustomFiltersActionGroup.java:187)
	at org.eclipse.jdt.ui.actions.CustomFiltersActionGroup.updateViewerFilters(CustomFiltersActionGroup.java:517)
	at org.eclipse.jdt.ui.actions.CustomFiltersActionGroup.<init>(CustomFiltersActionGroup.java:275)
	at org.eclipse.jdt.ui.actions.CustomFiltersActionGroup.<init>(CustomFiltersActionGroup.java:241)
	at org.eclipse.jdt.internal.ui.packageview.PackageExplorerActionGroup.<init>(PackageExplorerActionGroup.java:149)
	at org.eclipse.jdt.internal.ui.packageview.PackageExplorerPart.makeActions(PackageExplorerPart.java:800)
	at org.eclipse.jdt.internal.ui.packageview.PackageExplorerPart.createPartControl(PackageExplorerPart.java:506)
	at org.eclipse.ui.internal.e4.compatibility.CompatibilityPart.createPartControl(CompatibilityPart.java:150)
	at org.eclipse.ui.internal.e4.compatibility.CompatibilityView.createPartControl(CompatibilityView.java:143)
	at org.eclipse.ui.internal.e4.compatibility.CompatibilityPart.create(CompatibilityPart.java:340)
	at sun.reflect.NativeMethodAccessorImpl.invoke0(Native Method)
	at sun.reflect.NativeMethodAccessorImpl.invoke(NativeMethodAccessorImpl.java:62)
	at sun.reflect.DelegatingMethodAccessorImpl.invoke(DelegatingMethodAccessorImpl.java:43)
	at java.lang.reflect.Method.invoke(Method.java:498)
	at org.eclipse.e4.core.internal.di.MethodRequestor.execute(MethodRequestor.java:55)
	at org.eclipse.e4.core.internal.di.InjectorImpl.processAnnotated(InjectorImpl.java:966)
	at org.eclipse.e4.core.internal.di.InjectorImpl.processAnnotated(InjectorImpl.java:931)
	at org.eclipse.e4.core.internal.di.InjectorImpl.inject(InjectorImpl.java:151)
	at org.eclipse.e4.core.internal.di.InjectorImpl.internalMake(InjectorImpl.java:375)
	at org.eclipse.e4.core.internal.di.InjectorImpl.make(InjectorImpl.java:294)
	at org.eclipse.e4.core.contexts.ContextInjectionFactory.make(ContextInjectionFactory.java:162)
	at org.eclipse.e4.ui.internal.workbench.ReflectionContributionFactory.createFromBundle(ReflectionContributionFactory.java:105)
	at org.eclipse.e4.ui.internal.workbench.ReflectionContributionFactory.doCreate(ReflectionContributionFactory.java:74)
	at org.eclipse.e4.ui.internal.workbench.ReflectionContributionFactory.create(ReflectionContributionFactory.java:56)
	at org.eclipse.e4.ui.workbench.renderers.swt.ContributedPartRenderer.createWidget(ContributedPartRenderer.java:129)
	at org.eclipse.e4.ui.internal.workbench.swt.PartRenderingEngine.createWidget(PartRenderingEngine.java:975)
	at org.eclipse.e4.ui.internal.workbench.swt.PartRenderingEngine.safeCreateGui(PartRenderingEngine.java:651)
	at org.eclipse.e4.ui.internal.workbench.swt.PartRenderingEngine$1.run(PartRenderingEngine.java:536)
	at org.eclipse.core.runtime.SafeRunner.run(SafeRunner.java:42)
	at org.eclipse.e4.ui.internal.workbench.swt.PartRenderingEngine.createGui(PartRenderingEngine.java:520)
	at org.eclipse.e4.ui.workbench.renderers.swt.ElementReferenceRenderer.createWidget(ElementReferenceRenderer.java:70)
	at org.eclipse.e4.ui.internal.workbench.swt.PartRenderingEngine.createWidget(PartRenderingEngine.java:975)
	at org.eclipse.e4.ui.internal.workbench.swt.PartRenderingEngine.safeCreateGui(PartRenderingEngine.java:651)
	at org.eclipse.e4.ui.internal.workbench.swt.PartRenderingEngine.safeCreateGui(PartRenderingEngine.java:757)
	at org.eclipse.e4.ui.internal.workbench.swt.PartRenderingEngine.access$0(PartRenderingEngine.java:728)
	at org.eclipse.e4.ui.internal.workbench.swt.PartRenderingEngine$2.run(PartRenderingEngine.java:722)
	at org.eclipse.core.runtime.SafeRunner.run(SafeRunner.java:42)
	at org.eclipse.e4.ui.internal.workbench.swt.PartRenderingEngine.createGui(PartRenderingEngine.java:706)
	at org.eclipse.e4.ui.workbench.renderers.swt.StackRenderer.showTab(StackRenderer.java:1324)
	at org.eclipse.e4.ui.workbench.renderers.swt.LazyStackRenderer.postProcess(LazyStackRenderer.java:103)
	at org.eclipse.e4.ui.internal.workbench.swt.PartRenderingEngine.safeCreateGui(PartRenderingEngine.java:669)
	at org.eclipse.e4.ui.internal.workbench.swt.PartRenderingEngine.safeCreateGui(PartRenderingEngine.java:757)
	at org.eclipse.e4.ui.internal.workbench.swt.PartRenderingEngine.access$0(PartRenderingEngine.java:728)
	at org.eclipse.e4.ui.internal.workbench.swt.PartRenderingEngine$2.run(PartRenderingEngine.java:722)
	at org.eclipse.core.runtime.SafeRunner.run(SafeRunner.java:42)
	at org.eclipse.e4.ui.internal.workbench.swt.PartRenderingEngine.createGui(PartRenderingEngine.java:706)
	at org.eclipse.e4.ui.workbench.renderers.swt.SWTPartRenderer.processContents(SWTPartRenderer.java:70)
	at org.eclipse.e4.ui.workbench.renderers.swt.SashRenderer.processContents(SashRenderer.java:142)
	at org.eclipse.e4.ui.internal.workbench.swt.PartRenderingEngine.safeCreateGui(PartRenderingEngine.java:665)
	at org.eclipse.e4.ui.internal.workbench.swt.PartRenderingEngine.safeCreateGui(PartRenderingEngine.java:757)
	at org.eclipse.e4.ui.internal.workbench.swt.PartRenderingEngine.access$0(PartRenderingEngine.java:728)
	at org.eclipse.e4.ui.internal.workbench.swt.PartRenderingEngine$2.run(PartRenderingEngine.java:722)
	at org.eclipse.core.runtime.SafeRunner.run(SafeRunner.java:42)
	at org.eclipse.e4.ui.internal.workbench.swt.PartRenderingEngine.createGui(PartRenderingEngine.java:706)
	at org.eclipse.e4.ui.workbench.renderers.swt.SWTPartRenderer.processContents(SWTPartRenderer.java:70)
	at org.eclipse.e4.ui.workbench.renderers.swt.PerspectiveRenderer.processContents(PerspectiveRenderer.java:49)
	at org.eclipse.e4.ui.internal.workbench.swt.PartRenderingEngine.safeCreateGui(PartRenderingEngine.java:665)
	at org.eclipse.e4.ui.internal.workbench.swt.PartRenderingEngine.safeCreateGui(PartRenderingEngine.java:757)
	at org.eclipse.e4.ui.internal.workbench.swt.PartRenderingEngine.access$0(PartRenderingEngine.java:728)
	at org.eclipse.e4.ui.internal.workbench.swt.PartRenderingEngine$2.run(PartRenderingEngine.java:722)
	at org.eclipse.core.runtime.SafeRunner.run(SafeRunner.java:42)
	at org.eclipse.e4.ui.internal.workbench.swt.PartRenderingEngine.createGui(PartRenderingEngine.java:706)
	at org.eclipse.e4.ui.workbench.renderers.swt.PerspectiveStackRenderer.showTab(PerspectiveStackRenderer.java:82)
	at org.eclipse.e4.ui.workbench.renderers.swt.LazyStackRenderer.postProcess(LazyStackRenderer.java:103)
	at org.eclipse.e4.ui.workbench.renderers.swt.PerspectiveStackRenderer.postProcess(PerspectiveStackRenderer.java:63)
	at org.eclipse.e4.ui.internal.workbench.swt.PartRenderingEngine.safeCreateGui(PartRenderingEngine.java:669)
	at org.eclipse.e4.ui.internal.workbench.swt.PartRenderingEngine.safeCreateGui(PartRenderingEngine.java:757)
	at org.eclipse.e4.ui.internal.workbench.swt.PartRenderingEngine.access$0(PartRenderingEngine.java:728)
	at org.eclipse.e4.ui.internal.workbench.swt.PartRenderingEngine$2.run(PartRenderingEngine.java:722)
	at org.eclipse.core.runtime.SafeRunner.run(SafeRunner.java:42)
	at org.eclipse.e4.ui.internal.workbench.swt.PartRenderingEngine.createGui(PartRenderingEngine.java:706)
	at org.eclipse.e4.ui.workbench.renderers.swt.SWTPartRenderer.processContents(SWTPartRenderer.java:70)
	at org.eclipse.e4.ui.workbench.renderers.swt.SashRenderer.processContents(SashRenderer.java:142)
	at org.eclipse.e4.ui.internal.workbench.swt.PartRenderingEngine.safeCreateGui(PartRenderingEngine.java:665)
	at org.eclipse.e4.ui.internal.workbench.swt.PartRenderingEngine.safeCreateGui(PartRenderingEngine.java:757)
	at org.eclipse.e4.ui.internal.workbench.swt.PartRenderingEngine.access$0(PartRenderingEngine.java:728)
	at org.eclipse.e4.ui.internal.workbench.swt.PartRenderingEngine$2.run(PartRenderingEngine.java:722)
	at org.eclipse.core.runtime.SafeRunner.run(SafeRunner.java:42)
	at org.eclipse.e4.ui.internal.workbench.swt.PartRenderingEngine.createGui(PartRenderingEngine.java:706)
	at org.eclipse.e4.ui.workbench.renderers.swt.SWTPartRenderer.processContents(SWTPartRenderer.java:70)
	at org.eclipse.e4.ui.workbench.renderers.swt.WBWRenderer.processContents(WBWRenderer.java:725)
	at org.eclipse.e4.ui.internal.workbench.swt.PartRenderingEngine.safeCreateGui(PartRenderingEngine.java:665)
	at org.eclipse.e4.ui.internal.workbench.swt.PartRenderingEngine.safeCreateGui(PartRenderingEngine.java:757)
	at org.eclipse.e4.ui.internal.workbench.swt.PartRenderingEngine.access$0(PartRenderingEngine.java:728)
	at org.eclipse.e4.ui.internal.workbench.swt.PartRenderingEngine$2.run(PartRenderingEngine.java:722)
	at org.eclipse.core.runtime.SafeRunner.run(SafeRunner.java:42)
	at org.eclipse.e4.ui.internal.workbench.swt.PartRenderingEngine.createGui(PartRenderingEngine.java:706)
	at org.eclipse.e4.ui.internal.workbench.swt.PartRenderingEngine$4.run(PartRenderingEngine.java:1059)
	at org.eclipse.core.databinding.observable.Realm.runWithDefault(Realm.java:336)
	at org.eclipse.e4.ui.internal.workbench.swt.PartRenderingEngine.run(PartRenderingEngine.java:1022)
	at org.eclipse.e4.ui.internal.workbench.E4Workbench.createAndRunUI(E4Workbench.java:150)
	at org.eclipse.ui.internal.Workbench$5.run(Workbench.java:693)
	at org.eclipse.core.databinding.observable.Realm.runWithDefault(Realm.java:336)
	at org.eclipse.ui.internal.Workbench.createAndRunWorkbench(Workbench.java:610)
	at org.eclipse.ui.PlatformUI.createAndRunWorkbench(PlatformUI.java:148)
	at org.eclipse.ui.internal.ide.application.IDEApplication.start(IDEApplication.java:138)
	at org.eclipse.equinox.internal.app.EclipseAppHandle.run(EclipseAppHandle.java:196)
	at org.eclipse.core.runtime.internal.adaptor.EclipseAppLauncher.runApplication(EclipseAppLauncher.java:134)
	at org.eclipse.core.runtime.internal.adaptor.EclipseAppLauncher.start(EclipseAppLauncher.java:104)
	at org.eclipse.core.runtime.adaptor.EclipseStarter.run(EclipseStarter.java:388)
	at org.eclipse.core.runtime.adaptor.EclipseStarter.run(EclipseStarter.java:243)
	at sun.reflect.NativeMethodAccessorImpl.invoke0(Native Method)
	at sun.reflect.NativeMethodAccessorImpl.invoke(NativeMethodAccessorImpl.java:62)
	at sun.reflect.DelegatingMethodAccessorImpl.invoke(DelegatingMethodAccessorImpl.java:43)
	at java.lang.reflect.Method.invoke(Method.java:498)
	at org.eclipse.equinox.launcher.Main.invokeFramework(Main.java:673)
	at org.eclipse.equinox.launcher.Main.basicRun(Main.java:610)
	at org.eclipse.equinox.launcher.Main.run(Main.java:1519)
	at org.eclipse.equinox.launcher.Main.main(Main.java:1492)
Caused by: com.cedarsoftware.util.io.JsonIoException: EOF reached prematurely
	at com.cedarsoftware.util.io.JsonParser.error(JsonParser.java:584)
	at com.cedarsoftware.util.io.JsonParser.readValue(JsonParser.java:278)
	at com.cedarsoftware.util.io.JsonReader.readObject(JsonReader.java:521)
	... 152 more
2017-09-26 12:02:49,212  WARN [main] - ScalaProject - Project SparkUdemy has platform default sourceLevel.
2017-09-26 12:02:49,223  WARN [main] - ScalaProject - Project SparkUdemy runs on platform default installation.
2017-09-26 12:02:50,478  WARN [main] - ScalaProject - Project SparkUdemy has platform default sourceLevel.
2017-09-26 12:02:50,478  WARN [main] - ScalaProject - Project SparkUdemy runs on platform default installation.
2017-09-26 12:02:51,773  WARN [main] - ScalaProject - Project SparkUdemy has platform default sourceLevel.
2017-09-26 12:02:51,774  WARN [main] - ScalaProject - Project SparkUdemy runs on platform default installation.
2017-09-26 12:02:52,064  WARN [org.scalaide.ui.internal.reconciliation.ScalaReconciler] - ScalaProject - Project SparkUdemy has platform default sourceLevel.
2017-09-26 12:02:52,072  WARN [org.scalaide.ui.internal.reconciliation.ScalaReconciler] - ScalaProject - Project SparkUdemy runs on platform default installation.
2017-09-26 12:02:53,042 ERROR [main] - org.scala-ide.sdt.core - org.scala-ide.sdt.core - org.scala-ide.sdt.core - 0 - scala.reflect.internal.MissingRequirementError: object scala in compiler mirror not found.
2017-09-26 12:02:53,057 ERROR [main] - org.scala-ide.sdt.core - org.scala-ide.sdt.core - org.scala-ide.sdt.core - 0 - scala.reflect.internal.MissingRequirementError: object scala in compiler mirror not found.
2017-09-26 12:02:53,131 ERROR [main] - org.scala-ide.sdt.core - org.scala-ide.sdt.core - org.scala-ide.sdt.core - 0 - scala.reflect.internal.MissingRequirementError: object scala in compiler mirror not found.
2017-09-26 12:02:53,196 ERROR [main] - org.scala-ide.sdt.core - org.scala-ide.sdt.core - org.scala-ide.sdt.core - 0 - scala.reflect.internal.MissingRequirementError: object scala in compiler mirror not found.
2017-09-26 12:02:53,411  WARN [org.scalaide.ui.internal.reconciliation.ScalaReconciler] - ScalaProject - Project SparkUdemy has platform default sourceLevel.
2017-09-26 12:02:53,411  WARN [org.scalaide.ui.internal.reconciliation.ScalaReconciler] - ScalaProject - Project SparkUdemy runs on platform default installation.
2017-09-26 12:02:53,424 ERROR [main] - org.scala-ide.sdt.core - org.scala-ide.sdt.core - org.scala-ide.sdt.core - 0 - scala.reflect.internal.MissingRequirementError: object scala in compiler mirror not found.
2017-09-26 12:02:53,944  WARN [org.scalaide.ui.internal.reconciliation.ScalaReconciler] - ScalaProject - Project SparkUdemy has platform default sourceLevel.
2017-09-26 12:02:53,945  WARN [org.scalaide.ui.internal.reconciliation.ScalaReconciler] - ScalaProject - Project SparkUdemy runs on platform default installation.
2017-09-26 12:02:53,955 ERROR [main] - org.scala-ide.sdt.core - org.scala-ide.sdt.core - org.scala-ide.sdt.core - 0 - scala.reflect.internal.MissingRequirementError: object scala in compiler mirror not found.
2017-09-26 12:03:08,471  WARN [org.scalaide.ui.internal.reconciliation.ScalaReconciler] - ScalaProject - Project SparkUdemy has platform default sourceLevel.
2017-09-26 12:03:08,471  WARN [org.scalaide.ui.internal.reconciliation.ScalaReconciler] - ScalaProject - Project SparkUdemy runs on platform default installation.
2017-09-26 12:03:08,485 ERROR [main] - org.scala-ide.sdt.core - org.scala-ide.sdt.core - org.scala-ide.sdt.core - 0 - scala.reflect.internal.MissingRequirementError: object scala in compiler mirror not found.
2017-09-26 12:03:08,986  WARN [org.scalaide.ui.internal.reconciliation.ScalaReconciler] - ScalaProject - Project SparkUdemy has platform default sourceLevel.
2017-09-26 12:03:08,987  WARN [org.scalaide.ui.internal.reconciliation.ScalaReconciler] - ScalaProject - Project SparkUdemy runs on platform default installation.
2017-09-26 12:03:08,995 ERROR [main] - org.scala-ide.sdt.core - org.scala-ide.sdt.core - org.scala-ide.sdt.core - 0 - scala.reflect.internal.MissingRequirementError: object scala in compiler mirror not found.
2017-09-26 12:03:27,510  WARN [org.scalaide.ui.internal.reconciliation.ScalaReconciler] - ScalaProject - Project SparkUdemy has platform default sourceLevel.
2017-09-26 12:03:27,510  WARN [org.scalaide.ui.internal.reconciliation.ScalaReconciler] - ScalaProject - Project SparkUdemy runs on platform default installation.
2017-09-26 12:08:18,039  WARN [ModalContext] - ScalaProject - Project SparkScalaCourse has platform default sourceLevel.
2017-09-26 12:08:18,040  WARN [ModalContext] - ScalaProject - Project SparkScalaCourse runs on platform default installation.
2017-09-26 12:08:18,158  WARN [ModalContext] - ScalaProject - Project SparkScalaCourse has platform default sourceLevel.
2017-09-26 12:08:18,158  WARN [ModalContext] - ScalaProject - Project SparkScalaCourse runs on platform default installation.
2017-09-26 12:08:57,283  WARN [main] - ScalaProject - Project SparkScalaCourse has platform default sourceLevel.
2017-09-26 12:08:57,283  WARN [main] - ScalaProject - Project SparkScalaCourse runs on platform default installation.
2017-09-26 12:08:57,343  WARN [main] - ScalaProject - Project SparkScalaCourse has platform default sourceLevel.
2017-09-26 12:08:57,343  WARN [main] - ScalaProject - Project SparkScalaCourse runs on platform default installation.
2017-09-26 12:08:57,774 ERROR [main] - org.scala-ide.sdt.core - org.scala-ide.sdt.core - org.scala-ide.sdt.core - 0 - scala.reflect.internal.MissingRequirementError: object scala in compiler mirror not found.
2017-09-26 12:08:57,774 ERROR [main] - org.scala-ide.sdt.core - org.scala-ide.sdt.core - org.scala-ide.sdt.core - 0 - scala.reflect.internal.MissingRequirementError: object scala in compiler mirror not found.
2017-09-26 12:08:57,910  WARN [org.scalaide.ui.internal.reconciliation.ScalaReconciler] - ScalaProject - Project SparkScalaCourse has platform default sourceLevel.
2017-09-26 12:08:57,911  WARN [org.scalaide.ui.internal.reconciliation.ScalaReconciler] - ScalaProject - Project SparkScalaCourse runs on platform default installation.
2017-09-26 12:08:57,917 ERROR [main] - org.scala-ide.sdt.core - org.scala-ide.sdt.core - org.scala-ide.sdt.core - 0 - scala.reflect.internal.MissingRequirementError: object scala in compiler mirror not found.
2017-09-26 12:08:58,919  WARN [org.scalaide.ui.internal.reconciliation.ScalaReconciler] - ScalaProject - Project SparkScalaCourse has platform default sourceLevel.
2017-09-26 12:08:58,919  WARN [org.scalaide.ui.internal.reconciliation.ScalaReconciler] - ScalaProject - Project SparkScalaCourse runs on platform default installation.
2017-09-26 12:08:58,928 ERROR [main] - org.scala-ide.sdt.core - org.scala-ide.sdt.core - org.scala-ide.sdt.core - 0 - scala.reflect.internal.MissingRequirementError: object scala in compiler mirror not found.
2017-09-26 12:08:59,431  WARN [org.scalaide.ui.internal.reconciliation.ScalaReconciler] - ScalaProject - Project SparkScalaCourse has platform default sourceLevel.
2017-09-26 12:08:59,431  WARN [org.scalaide.ui.internal.reconciliation.ScalaReconciler] - ScalaProject - Project SparkScalaCourse runs on platform default installation.
2017-09-26 12:08:59,436 ERROR [main] - org.scala-ide.sdt.core - org.scala-ide.sdt.core - org.scala-ide.sdt.core - 0 - scala.reflect.internal.MissingRequirementError: object scala in compiler mirror not found.
2017-09-26 12:09:06,939  WARN [org.scalaide.ui.internal.reconciliation.ScalaReconciler] - ScalaProject - Project SparkScalaCourse has platform default sourceLevel.
2017-09-26 12:09:06,939  WARN [org.scalaide.ui.internal.reconciliation.ScalaReconciler] - ScalaProject - Project SparkScalaCourse runs on platform default installation.
2017-09-26 12:09:06,944 ERROR [main] - org.scala-ide.sdt.core - org.scala-ide.sdt.core - org.scala-ide.sdt.core - 0 - scala.reflect.internal.MissingRequirementError: object scala in compiler mirror not found.
2017-09-26 12:09:07,948  WARN [org.scalaide.ui.internal.reconciliation.ScalaReconciler] - ScalaProject - Project SparkScalaCourse has platform default sourceLevel.
2017-09-26 12:09:07,949  WARN [org.scalaide.ui.internal.reconciliation.ScalaReconciler] - ScalaProject - Project SparkScalaCourse runs on platform default installation.
2017-09-26 12:09:07,953 ERROR [main] - org.scala-ide.sdt.core - org.scala-ide.sdt.core - org.scala-ide.sdt.core - 0 - scala.reflect.internal.MissingRequirementError: object scala in compiler mirror not found.
2017-09-26 12:09:08,959  WARN [org.scalaide.ui.internal.reconciliation.ScalaReconciler] - ScalaProject - Project SparkScalaCourse has platform default sourceLevel.
2017-09-26 12:09:08,959  WARN [org.scalaide.ui.internal.reconciliation.ScalaReconciler] - ScalaProject - Project SparkScalaCourse runs on platform default installation.
2017-09-26 12:09:08,966 ERROR [main] - org.scala-ide.sdt.core - org.scala-ide.sdt.core - org.scala-ide.sdt.core - 0 - scala.reflect.internal.MissingRequirementError: object scala in compiler mirror not found.
2017-09-26 12:09:09,468  WARN [org.scalaide.ui.internal.reconciliation.ScalaReconciler] - ScalaProject - Project SparkScalaCourse has platform default sourceLevel.
2017-09-26 12:09:09,468  WARN [org.scalaide.ui.internal.reconciliation.ScalaReconciler] - ScalaProject - Project SparkScalaCourse runs on platform default installation.
2017-09-26 12:09:09,475 ERROR [main] - org.scala-ide.sdt.core - org.scala-ide.sdt.core - org.scala-ide.sdt.core - 0 - scala.reflect.internal.MissingRequirementError: object scala in compiler mirror not found.
2017-09-26 12:09:09,975  WARN [org.scalaide.ui.internal.reconciliation.ScalaReconciler] - ScalaProject - Project SparkScalaCourse has platform default sourceLevel.
2017-09-26 12:09:09,975  WARN [org.scalaide.ui.internal.reconciliation.ScalaReconciler] - ScalaProject - Project SparkScalaCourse runs on platform default installation.
2017-09-26 12:09:09,978 ERROR [main] - org.scala-ide.sdt.core - org.scala-ide.sdt.core - org.scala-ide.sdt.core - 0 - scala.reflect.internal.MissingRequirementError: object scala in compiler mirror not found.
2017-09-26 12:09:10,480  WARN [org.scalaide.ui.internal.reconciliation.ScalaReconciler] - ScalaProject - Project SparkScalaCourse has platform default sourceLevel.
2017-09-26 12:09:10,481  WARN [org.scalaide.ui.internal.reconciliation.ScalaReconciler] - ScalaProject - Project SparkScalaCourse runs on platform default installation.
2017-09-26 12:09:10,487 ERROR [main] - org.scala-ide.sdt.core - org.scala-ide.sdt.core - org.scala-ide.sdt.core - 0 - scala.reflect.internal.MissingRequirementError: object scala in compiler mirror not found.
2017-09-26 12:09:10,989  WARN [org.scalaide.ui.internal.reconciliation.ScalaReconciler] - ScalaProject - Project SparkScalaCourse has platform default sourceLevel.
2017-09-26 12:09:10,989  WARN [org.scalaide.ui.internal.reconciliation.ScalaReconciler] - ScalaProject - Project SparkScalaCourse runs on platform default installation.
2017-09-26 12:09:11,000 ERROR [main] - org.scala-ide.sdt.core - org.scala-ide.sdt.core - org.scala-ide.sdt.core - 0 - scala.reflect.internal.MissingRequirementError: object scala in compiler mirror not found.
2017-09-26 12:09:11,501  WARN [org.scalaide.ui.internal.reconciliation.ScalaReconciler] - ScalaProject - Project SparkScalaCourse has platform default sourceLevel.
2017-09-26 12:09:11,502  WARN [org.scalaide.ui.internal.reconciliation.ScalaReconciler] - ScalaProject - Project SparkScalaCourse runs on platform default installation.
2017-09-26 12:09:11,508 ERROR [main] - org.scala-ide.sdt.core - org.scala-ide.sdt.core - org.scala-ide.sdt.core - 0 - scala.reflect.internal.MissingRequirementError: object scala in compiler mirror not found.
2017-09-26 12:09:12,011  WARN [org.scalaide.ui.internal.reconciliation.ScalaReconciler] - ScalaProject - Project SparkScalaCourse has platform default sourceLevel.
2017-09-26 12:09:12,011  WARN [org.scalaide.ui.internal.reconciliation.ScalaReconciler] - ScalaProject - Project SparkScalaCourse runs on platform default installation.
2017-09-26 12:09:12,017 ERROR [main] - org.scala-ide.sdt.core - org.scala-ide.sdt.core - org.scala-ide.sdt.core - 0 - scala.reflect.internal.MissingRequirementError: object scala in compiler mirror not found.
2017-09-26 12:09:12,518  WARN [org.scalaide.ui.internal.reconciliation.ScalaReconciler] - ScalaProject - Project SparkScalaCourse has platform default sourceLevel.
2017-09-26 12:09:12,519  WARN [org.scalaide.ui.internal.reconciliation.ScalaReconciler] - ScalaProject - Project SparkScalaCourse runs on platform default installation.
2017-09-26 12:09:12,522 ERROR [main] - org.scala-ide.sdt.core - org.scala-ide.sdt.core - org.scala-ide.sdt.core - 0 - scala.reflect.internal.MissingRequirementError: object scala in compiler mirror not found.
2017-09-26 12:09:30,527  WARN [org.scalaide.ui.internal.reconciliation.ScalaReconciler] - ScalaProject - Project SparkScalaCourse has platform default sourceLevel.
2017-09-26 12:09:30,528  WARN [org.scalaide.ui.internal.reconciliation.ScalaReconciler] - ScalaProject - Project SparkScalaCourse runs on platform default installation.
2017-09-26 12:09:30,532 ERROR [main] - org.scala-ide.sdt.core - org.scala-ide.sdt.core - org.scala-ide.sdt.core - 0 - scala.reflect.internal.MissingRequirementError: object scala in compiler mirror not found.
2017-09-26 12:09:31,053  WARN [org.scalaide.ui.internal.reconciliation.ScalaReconciler] - ScalaProject - Project SparkScalaCourse has platform default sourceLevel.
2017-09-26 12:09:31,054  WARN [org.scalaide.ui.internal.reconciliation.ScalaReconciler] - ScalaProject - Project SparkScalaCourse runs on platform default installation.
2017-09-26 12:09:31,058 ERROR [main] - org.scala-ide.sdt.core - org.scala-ide.sdt.core - org.scala-ide.sdt.core - 0 - scala.reflect.internal.MissingRequirementError: object scala in compiler mirror not found.
2017-09-26 12:09:44,061  WARN [org.scalaide.ui.internal.reconciliation.ScalaReconciler] - ScalaProject - Project SparkScalaCourse has platform default sourceLevel.
2017-09-26 12:09:44,062  WARN [org.scalaide.ui.internal.reconciliation.ScalaReconciler] - ScalaProject - Project SparkScalaCourse runs on platform default installation.
2017-09-26 12:09:44,068 ERROR [main] - org.scala-ide.sdt.core - org.scala-ide.sdt.core - org.scala-ide.sdt.core - 0 - scala.reflect.internal.MissingRequirementError: object scala in compiler mirror not found.
2017-09-26 12:09:44,570  WARN [org.scalaide.ui.internal.reconciliation.ScalaReconciler] - ScalaProject - Project SparkScalaCourse has platform default sourceLevel.
2017-09-26 12:09:44,570  WARN [org.scalaide.ui.internal.reconciliation.ScalaReconciler] - ScalaProject - Project SparkScalaCourse runs on platform default installation.
2017-09-26 12:09:44,574 ERROR [main] - org.scala-ide.sdt.core - org.scala-ide.sdt.core - org.scala-ide.sdt.core - 0 - scala.reflect.internal.MissingRequirementError: object scala in compiler mirror not found.
2017-09-26 12:09:51,577  WARN [org.scalaide.ui.internal.reconciliation.ScalaReconciler] - ScalaProject - Project SparkScalaCourse has platform default sourceLevel.
2017-09-26 12:09:51,577  WARN [org.scalaide.ui.internal.reconciliation.ScalaReconciler] - ScalaProject - Project SparkScalaCourse runs on platform default installation.
2017-09-26 12:09:51,582 ERROR [main] - org.scala-ide.sdt.core - org.scala-ide.sdt.core - org.scala-ide.sdt.core - 0 - scala.reflect.internal.MissingRequirementError: object scala in compiler mirror not found.
2017-09-26 12:09:52,083  WARN [org.scalaide.ui.internal.reconciliation.ScalaReconciler] - ScalaProject - Project SparkScalaCourse has platform default sourceLevel.
2017-09-26 12:09:52,083  WARN [org.scalaide.ui.internal.reconciliation.ScalaReconciler] - ScalaProject - Project SparkScalaCourse runs on platform default installation.
2017-09-26 12:09:52,098 ERROR [main] - org.scala-ide.sdt.core - org.scala-ide.sdt.core - org.scala-ide.sdt.core - 0 - scala.reflect.internal.MissingRequirementError: object scala in compiler mirror not found.
2017-09-26 12:10:03,093  WARN [org.scalaide.ui.internal.reconciliation.ScalaReconciler] - ScalaProject - Project SparkScalaCourse has platform default sourceLevel.
2017-09-26 12:10:03,093  WARN [org.scalaide.ui.internal.reconciliation.ScalaReconciler] - ScalaProject - Project SparkScalaCourse runs on platform default installation.
2017-09-26 12:10:03,098 ERROR [main] - org.scala-ide.sdt.core - org.scala-ide.sdt.core - org.scala-ide.sdt.core - 0 - scala.reflect.internal.MissingRequirementError: object scala in compiler mirror not found.
2017-09-26 12:10:03,599  WARN [org.scalaide.ui.internal.reconciliation.ScalaReconciler] - ScalaProject - Project SparkScalaCourse has platform default sourceLevel.
2017-09-26 12:10:03,600  WARN [org.scalaide.ui.internal.reconciliation.ScalaReconciler] - ScalaProject - Project SparkScalaCourse runs on platform default installation.
2017-09-26 12:10:03,827 ERROR [main] - org.scala-ide.sdt.core - org.scala-ide.sdt.core - org.scala-ide.sdt.core - 0 - scala.reflect.internal.MissingRequirementError: object scala in compiler mirror not found.
2017-09-26 12:10:13,108  WARN [org.scalaide.ui.internal.reconciliation.ScalaReconciler] - ScalaProject - Project SparkScalaCourse has platform default sourceLevel.
2017-09-26 12:10:13,108  WARN [org.scalaide.ui.internal.reconciliation.ScalaReconciler] - ScalaProject - Project SparkScalaCourse runs on platform default installation.
2017-09-26 12:10:13,115 ERROR [main] - org.scala-ide.sdt.core - org.scala-ide.sdt.core - org.scala-ide.sdt.core - 0 - scala.reflect.internal.MissingRequirementError: object scala in compiler mirror not found.
2017-09-26 12:10:13,613  WARN [Text Viewer Hover Presenter] - ScalaProject - Project SparkScalaCourse has platform default sourceLevel.
2017-09-26 12:10:13,614  WARN [Text Viewer Hover Presenter] - ScalaProject - Project SparkScalaCourse runs on platform default installation.
2017-09-26 12:10:13,617 ERROR [main] - org.scala-ide.sdt.core - org.scala-ide.sdt.core - org.scala-ide.sdt.core - 0 - scala.reflect.internal.MissingRequirementError: object scala in compiler mirror not found.
2017-09-26 12:10:13,617  WARN [Text Viewer Hover Presenter] - ScalaProject - Project SparkScalaCourse has platform default sourceLevel.
2017-09-26 12:10:13,618  WARN [Text Viewer Hover Presenter] - ScalaProject - Project SparkScalaCourse runs on platform default installation.
2017-09-26 12:10:13,621 ERROR [main] - org.scala-ide.sdt.core - org.scala-ide.sdt.core - org.scala-ide.sdt.core - 0 - scala.reflect.internal.MissingRequirementError: object scala in compiler mirror not found.
2017-09-26 12:10:13,625  WARN [org.scalaide.ui.internal.reconciliation.ScalaReconciler] - ScalaProject - Project SparkScalaCourse has platform default sourceLevel.
2017-09-26 12:10:13,625  WARN [org.scalaide.ui.internal.reconciliation.ScalaReconciler] - ScalaProject - Project SparkScalaCourse runs on platform default installation.
2017-09-26 12:10:13,628 ERROR [main] - org.scala-ide.sdt.core - org.scala-ide.sdt.core - org.scala-ide.sdt.core - 0 - scala.reflect.internal.MissingRequirementError: object scala in compiler mirror not found.
2017-09-26 12:10:51,637  WARN [org.scalaide.ui.internal.reconciliation.ScalaReconciler] - ScalaProject - Project SparkScalaCourse has platform default sourceLevel.
2017-09-26 12:10:51,637  WARN [org.scalaide.ui.internal.reconciliation.ScalaReconciler] - ScalaProject - Project SparkScalaCourse runs on platform default installation.
2017-09-26 12:10:51,742 ERROR [main] - org.scala-ide.sdt.core - org.scala-ide.sdt.core - org.scala-ide.sdt.core - 0 - scala.reflect.internal.MissingRequirementError: object scala in compiler mirror not found.
2017-09-26 12:10:52,143  WARN [org.scalaide.ui.internal.reconciliation.ScalaReconciler] - ScalaProject - Project SparkScalaCourse has platform default sourceLevel.
2017-09-26 12:10:52,144  WARN [org.scalaide.ui.internal.reconciliation.ScalaReconciler] - ScalaProject - Project SparkScalaCourse runs on platform default installation.
2017-09-26 12:10:52,148 ERROR [main] - org.scala-ide.sdt.core - org.scala-ide.sdt.core - org.scala-ide.sdt.core - 0 - scala.reflect.internal.MissingRequirementError: object scala in compiler mirror not found.
2017-09-26 12:10:54,150  WARN [org.scalaide.ui.internal.reconciliation.ScalaReconciler] - ScalaProject - Project SparkScalaCourse has platform default sourceLevel.
2017-09-26 12:10:54,151  WARN [org.scalaide.ui.internal.reconciliation.ScalaReconciler] - ScalaProject - Project SparkScalaCourse runs on platform default installation.
2017-09-26 12:10:54,154 ERROR [main] - org.scala-ide.sdt.core - org.scala-ide.sdt.core - org.scala-ide.sdt.core - 0 - scala.reflect.internal.MissingRequirementError: object scala in compiler mirror not found.
2017-09-26 12:10:54,656  WARN [org.scalaide.ui.internal.reconciliation.ScalaReconciler] - ScalaProject - Project SparkScalaCourse has platform default sourceLevel.
2017-09-26 12:10:54,656  WARN [org.scalaide.ui.internal.reconciliation.ScalaReconciler] - ScalaProject - Project SparkScalaCourse runs on platform default installation.
2017-09-26 12:10:54,659 ERROR [main] - org.scala-ide.sdt.core - org.scala-ide.sdt.core - org.scala-ide.sdt.core - 0 - scala.reflect.internal.MissingRequirementError: object scala in compiler mirror not found.
2017-09-26 12:12:29,251  WARN [main] - ScalaProject - Project SparkScalaCourse has platform default sourceLevel.
2017-09-26 12:12:29,252  WARN [main] - ScalaProject - Project SparkScalaCourse runs on platform default installation.
2017-09-26 12:12:29,506 ERROR [main] - org.scala-ide.sdt.core - org.scala-ide.sdt.core - org.scala-ide.sdt.core - 0 - scala.reflect.internal.MissingRequirementError: object scala in compiler mirror not found.
2017-09-26 12:12:30,179  WARN [org.scalaide.ui.internal.reconciliation.ScalaReconciler] - ScalaProject - Project SparkScalaCourse has platform default sourceLevel.
2017-09-26 12:12:30,179  WARN [org.scalaide.ui.internal.reconciliation.ScalaReconciler] - ScalaProject - Project SparkScalaCourse runs on platform default installation.
2017-09-26 12:12:30,182 ERROR [main] - org.scala-ide.sdt.core - org.scala-ide.sdt.core - org.scala-ide.sdt.core - 0 - scala.reflect.internal.MissingRequirementError: object scala in compiler mirror not found.
2017-09-26 12:12:30,613  WARN [Text Viewer Hover Presenter] - ScalaProject - Project SparkScalaCourse has platform default sourceLevel.
2017-09-26 12:12:30,614  WARN [Text Viewer Hover Presenter] - ScalaProject - Project SparkScalaCourse runs on platform default installation.
2017-09-26 12:12:30,617 ERROR [main] - org.scala-ide.sdt.core - org.scala-ide.sdt.core - org.scala-ide.sdt.core - 0 - scala.reflect.internal.MissingRequirementError: object scala in compiler mirror not found.
2017-09-26 12:12:30,618  WARN [Text Viewer Hover Presenter] - ScalaProject - Project SparkScalaCourse has platform default sourceLevel.
2017-09-26 12:12:30,618  WARN [Text Viewer Hover Presenter] - ScalaProject - Project SparkScalaCourse runs on platform default installation.
2017-09-26 12:12:30,622 ERROR [main] - org.scala-ide.sdt.core - org.scala-ide.sdt.core - org.scala-ide.sdt.core - 0 - scala.reflect.internal.MissingRequirementError: object scala in compiler mirror not found.
2017-09-26 12:12:30,684  WARN [org.scalaide.ui.internal.reconciliation.ScalaReconciler] - ScalaProject - Project SparkScalaCourse has platform default sourceLevel.
2017-09-26 12:12:30,684  WARN [org.scalaide.ui.internal.reconciliation.ScalaReconciler] - ScalaProject - Project SparkScalaCourse runs on platform default installation.
2017-09-26 12:12:30,688 ERROR [main] - org.scala-ide.sdt.core - org.scala-ide.sdt.core - org.scala-ide.sdt.core - 0 - scala.reflect.internal.MissingRequirementError: object scala in compiler mirror not found.
2017-09-26 12:12:31,189  WARN [org.scalaide.ui.internal.reconciliation.ScalaReconciler] - ScalaProject - Project SparkScalaCourse has platform default sourceLevel.
2017-09-26 12:12:31,190  WARN [org.scalaide.ui.internal.reconciliation.ScalaReconciler] - ScalaProject - Project SparkScalaCourse runs on platform default installation.
2017-09-26 12:12:31,193 ERROR [main] - org.scala-ide.sdt.core - org.scala-ide.sdt.core - org.scala-ide.sdt.core - 0 - scala.reflect.internal.MissingRequirementError: object scala in compiler mirror not found.
2017-09-26 12:12:31,695  WARN [org.scalaide.ui.internal.reconciliation.ScalaReconciler] - ScalaProject - Project SparkScalaCourse has platform default sourceLevel.
2017-09-26 12:12:31,696  WARN [org.scalaide.ui.internal.reconciliation.ScalaReconciler] - ScalaProject - Project SparkScalaCourse runs on platform default installation.
2017-09-26 12:12:31,699 ERROR [main] - org.scala-ide.sdt.core - org.scala-ide.sdt.core - org.scala-ide.sdt.core - 0 - scala.reflect.internal.MissingRequirementError: object scala in compiler mirror not found.
2017-09-26 12:12:32,695  WARN [Text Viewer Hover Presenter] - ScalaProject - Project SparkScalaCourse has platform default sourceLevel.
2017-09-26 12:12:32,695  WARN [Text Viewer Hover Presenter] - ScalaProject - Project SparkScalaCourse runs on platform default installation.
2017-09-26 12:12:32,700  WARN [Text Viewer Hover Presenter] - ScalaProject - Project SparkScalaCourse has platform default sourceLevel.
2017-09-26 12:12:32,700  WARN [Text Viewer Hover Presenter] - ScalaProject - Project SparkScalaCourse runs on platform default installation.
2017-09-26 12:12:32,709 ERROR [main] - org.scala-ide.sdt.core - org.scala-ide.sdt.core - org.scala-ide.sdt.core - 0 - scala.reflect.internal.MissingRequirementError: object scala in compiler mirror not found.
2017-09-26 12:12:32,714 ERROR [main] - org.scala-ide.sdt.core - org.scala-ide.sdt.core - org.scala-ide.sdt.core - 0 - scala.reflect.internal.MissingRequirementError: object scala in compiler mirror not found.
2017-09-26 12:12:33,201  WARN [org.scalaide.ui.internal.reconciliation.ScalaReconciler] - ScalaProject - Project SparkScalaCourse has platform default sourceLevel.
2017-09-26 12:12:33,201  WARN [org.scalaide.ui.internal.reconciliation.ScalaReconciler] - ScalaProject - Project SparkScalaCourse runs on platform default installation.
2017-09-26 12:12:33,208 ERROR [main] - org.scala-ide.sdt.core - org.scala-ide.sdt.core - org.scala-ide.sdt.core - 0 - scala.reflect.internal.MissingRequirementError: object scala in compiler mirror not found.
2017-09-26 12:12:33,711  WARN [org.scalaide.ui.internal.reconciliation.ScalaReconciler] - ScalaProject - Project SparkScalaCourse has platform default sourceLevel.
2017-09-26 12:12:33,711  WARN [org.scalaide.ui.internal.reconciliation.ScalaReconciler] - ScalaProject - Project SparkScalaCourse runs on platform default installation.
2017-09-26 12:12:33,715 ERROR [main] - org.scala-ide.sdt.core - org.scala-ide.sdt.core - org.scala-ide.sdt.core - 0 - scala.reflect.internal.MissingRequirementError: object scala in compiler mirror not found.
2017-09-26 12:12:36,149  WARN [Text Viewer Hover Presenter] - ScalaProject - Project SparkScalaCourse has platform default sourceLevel.
2017-09-26 12:12:36,149  WARN [Text Viewer Hover Presenter] - ScalaProject - Project SparkScalaCourse runs on platform default installation.
2017-09-26 12:12:36,154 ERROR [main] - org.scala-ide.sdt.core - org.scala-ide.sdt.core - org.scala-ide.sdt.core - 0 - scala.reflect.internal.MissingRequirementError: object scala in compiler mirror not found.
2017-09-26 12:12:36,154  WARN [Text Viewer Hover Presenter] - ScalaProject - Project SparkScalaCourse has platform default sourceLevel.
2017-09-26 12:12:36,154  WARN [Text Viewer Hover Presenter] - ScalaProject - Project SparkScalaCourse runs on platform default installation.
2017-09-26 12:12:36,158 ERROR [main] - org.scala-ide.sdt.core - org.scala-ide.sdt.core - org.scala-ide.sdt.core - 0 - scala.reflect.internal.MissingRequirementError: object scala in compiler mirror not found.
2017-09-26 12:12:40,199  WARN [Text Viewer Hover Presenter] - ScalaProject - Project SparkScalaCourse has platform default sourceLevel.
2017-09-26 12:12:40,199  WARN [Text Viewer Hover Presenter] - ScalaProject - Project SparkScalaCourse runs on platform default installation.
2017-09-26 12:12:40,202 ERROR [main] - org.scala-ide.sdt.core - org.scala-ide.sdt.core - org.scala-ide.sdt.core - 0 - scala.reflect.internal.MissingRequirementError: object scala in compiler mirror not found.
2017-09-26 12:12:40,203  WARN [Text Viewer Hover Presenter] - ScalaProject - Project SparkScalaCourse has platform default sourceLevel.
2017-09-26 12:12:40,203  WARN [Text Viewer Hover Presenter] - ScalaProject - Project SparkScalaCourse runs on platform default installation.
2017-09-26 12:12:40,206 ERROR [main] - org.scala-ide.sdt.core - org.scala-ide.sdt.core - org.scala-ide.sdt.core - 0 - scala.reflect.internal.MissingRequirementError: object scala in compiler mirror not found.
2017-09-26 12:12:45,343  WARN [Text Viewer Hover Presenter] - ScalaProject - Project SparkScalaCourse has platform default sourceLevel.
2017-09-26 12:12:45,343  WARN [Text Viewer Hover Presenter] - ScalaProject - Project SparkScalaCourse runs on platform default installation.
2017-09-26 12:12:45,348 ERROR [main] - org.scala-ide.sdt.core - org.scala-ide.sdt.core - org.scala-ide.sdt.core - 0 - scala.reflect.internal.MissingRequirementError: object scala in compiler mirror not found.
2017-09-26 12:12:45,348  WARN [Text Viewer Hover Presenter] - ScalaProject - Project SparkScalaCourse has platform default sourceLevel.
2017-09-26 12:12:45,348  WARN [Text Viewer Hover Presenter] - ScalaProject - Project SparkScalaCourse runs on platform default installation.
2017-09-26 12:12:45,352 ERROR [main] - org.scala-ide.sdt.core - org.scala-ide.sdt.core - org.scala-ide.sdt.core - 0 - scala.reflect.internal.MissingRequirementError: object scala in compiler mirror not found.
2017-09-26 12:12:46,668  WARN [Text Viewer Hover Presenter] - ScalaProject - Project SparkScalaCourse has platform default sourceLevel.
2017-09-26 12:12:46,669  WARN [Text Viewer Hover Presenter] - ScalaProject - Project SparkScalaCourse runs on platform default installation.
2017-09-26 12:12:46,672 ERROR [main] - org.scala-ide.sdt.core - org.scala-ide.sdt.core - org.scala-ide.sdt.core - 0 - scala.reflect.internal.MissingRequirementError: object scala in compiler mirror not found.
2017-09-26 12:12:46,673  WARN [Text Viewer Hover Presenter] - ScalaProject - Project SparkScalaCourse has platform default sourceLevel.
2017-09-26 12:12:46,673  WARN [Text Viewer Hover Presenter] - ScalaProject - Project SparkScalaCourse runs on platform default installation.
2017-09-26 12:12:46,680 ERROR [main] - org.scala-ide.sdt.core - org.scala-ide.sdt.core - org.scala-ide.sdt.core - 0 - scala.reflect.internal.MissingRequirementError: object scala in compiler mirror not found.
2017-09-26 12:12:47,901  WARN [Text Viewer Hover Presenter] - ScalaProject - Project SparkScalaCourse has platform default sourceLevel.
2017-09-26 12:12:47,901  WARN [Text Viewer Hover Presenter] - ScalaProject - Project SparkScalaCourse runs on platform default installation.
2017-09-26 12:12:47,904 ERROR [main] - org.scala-ide.sdt.core - org.scala-ide.sdt.core - org.scala-ide.sdt.core - 0 - scala.reflect.internal.MissingRequirementError: object scala in compiler mirror not found.
2017-09-26 12:12:47,904  WARN [Text Viewer Hover Presenter] - ScalaProject - Project SparkScalaCourse has platform default sourceLevel.
2017-09-26 12:12:47,905  WARN [Text Viewer Hover Presenter] - ScalaProject - Project SparkScalaCourse runs on platform default installation.
2017-09-26 12:12:47,911 ERROR [main] - org.scala-ide.sdt.core - org.scala-ide.sdt.core - org.scala-ide.sdt.core - 0 - scala.reflect.internal.MissingRequirementError: object scala in compiler mirror not found.
2017-09-26 12:12:48,610  WARN [scala-execution-context-global-145] - ScalaProject - Project SparkScalaCourse has platform default sourceLevel.
2017-09-26 12:12:48,610  WARN [scala-execution-context-global-145] - ScalaProject - Project SparkScalaCourse runs on platform default installation.
2017-09-26 12:12:48,628 ERROR [main] - org.scala-ide.sdt.core - org.scala-ide.sdt.core - org.scala-ide.sdt.core - 0 - scala.reflect.internal.MissingRequirementError: object scala in compiler mirror not found.
2017-09-26 12:12:48,651  WARN [scala-execution-context-global-145] - ScalaProject - Project SparkScalaCourse has platform default sourceLevel.
2017-09-26 12:12:48,651  WARN [scala-execution-context-global-145] - ScalaProject - Project SparkScalaCourse runs on platform default installation.
2017-09-26 12:12:48,663  WARN [scala-execution-context-global-145] - ScalaProject - Project SparkScalaCourse has platform default sourceLevel.
2017-09-26 12:12:48,663  WARN [scala-execution-context-global-145] - ScalaProject - Project SparkScalaCourse runs on platform default installation.
2017-09-26 12:12:48,668  WARN [scala-execution-context-global-145] - ScalaProject - Project SparkScalaCourse has platform default sourceLevel.
2017-09-26 12:12:48,668  WARN [scala-execution-context-global-145] - ScalaProject - Project SparkScalaCourse runs on platform default installation.
2017-09-26 12:12:48,671 ERROR [main] - org.scala-ide.sdt.core - org.scala-ide.sdt.core - org.scala-ide.sdt.core - 0 - scala.reflect.internal.MissingRequirementError: object scala in compiler mirror not found.
2017-09-26 12:12:48,672 ERROR [main] - org.scala-ide.sdt.core - org.scala-ide.sdt.core - org.scala-ide.sdt.core - 0 - scala.reflect.internal.MissingRequirementError: object scala in compiler mirror not found.
2017-09-26 12:12:48,672 ERROR [main] - org.scala-ide.sdt.core - org.scala-ide.sdt.core - org.scala-ide.sdt.core - 0 - scala.reflect.internal.MissingRequirementError: object scala in compiler mirror not found.
2017-09-26 12:12:48,677  WARN [scala-execution-context-global-145] - ScalaProject - Project SparkScalaCourse has platform default sourceLevel.
2017-09-26 12:12:48,677  WARN [scala-execution-context-global-145] - ScalaProject - Project SparkScalaCourse runs on platform default installation.
2017-09-26 12:12:48,684 ERROR [main] - org.scala-ide.sdt.core - org.scala-ide.sdt.core - org.scala-ide.sdt.core - 0 - scala.reflect.internal.MissingRequirementError: object scala in compiler mirror not found.
2017-09-26 12:12:48,717  WARN [scala-execution-context-global-145] - ScalaProject - Project SparkScalaCourse has platform default sourceLevel.
2017-09-26 12:12:48,717  WARN [scala-execution-context-global-145] - ScalaProject - Project SparkScalaCourse runs on platform default installation.
2017-09-26 12:12:48,721 ERROR [main] - org.scala-ide.sdt.core - org.scala-ide.sdt.core - org.scala-ide.sdt.core - 0 - scala.reflect.internal.MissingRequirementError: object scala in compiler mirror not found.
2017-09-26 12:12:48,724  WARN [scala-execution-context-global-145] - ScalaProject - Project SparkScalaCourse has platform default sourceLevel.
2017-09-26 12:12:48,725  WARN [scala-execution-context-global-145] - ScalaProject - Project SparkScalaCourse runs on platform default installation.
2017-09-26 12:12:48,728 ERROR [main] - org.scala-ide.sdt.core - org.scala-ide.sdt.core - org.scala-ide.sdt.core - 0 - scala.reflect.internal.MissingRequirementError: object scala in compiler mirror not found.
2017-09-26 12:12:48,732  WARN [scala-execution-context-global-145] - ScalaProject - Project SparkScalaCourse has platform default sourceLevel.
2017-09-26 12:12:48,732  WARN [scala-execution-context-global-145] - ScalaProject - Project SparkScalaCourse runs on platform default installation.
2017-09-26 12:12:48,735 ERROR [main] - org.scala-ide.sdt.core - org.scala-ide.sdt.core - org.scala-ide.sdt.core - 0 - scala.reflect.internal.MissingRequirementError: object scala in compiler mirror not found.
2017-09-26 12:12:48,741  WARN [scala-execution-context-global-145] - ScalaProject - Project SparkScalaCourse has platform default sourceLevel.
2017-09-26 12:12:48,741  WARN [scala-execution-context-global-145] - ScalaProject - Project SparkScalaCourse runs on platform default installation.
2017-09-26 12:12:48,752  WARN [scala-execution-context-global-145] - ScalaProject - Project SparkScalaCourse has platform default sourceLevel.
2017-09-26 12:12:48,752  WARN [scala-execution-context-global-145] - ScalaProject - Project SparkScalaCourse runs on platform default installation.
2017-09-26 12:12:48,757  WARN [scala-execution-context-global-145] - ScalaProject - Project SparkScalaCourse has platform default sourceLevel.
2017-09-26 12:12:48,758  WARN [scala-execution-context-global-145] - ScalaProject - Project SparkScalaCourse runs on platform default installation.
2017-09-26 12:12:48,767  WARN [scala-execution-context-global-145] - ScalaProject - Project SparkScalaCourse has platform default sourceLevel.
2017-09-26 12:12:48,767  WARN [scala-execution-context-global-145] - ScalaProject - Project SparkScalaCourse runs on platform default installation.
2017-09-26 12:12:48,770 ERROR [main] - org.scala-ide.sdt.core - org.scala-ide.sdt.core - org.scala-ide.sdt.core - 0 - scala.reflect.internal.MissingRequirementError: object scala in compiler mirror not found.
2017-09-26 12:12:48,770 ERROR [main] - org.scala-ide.sdt.core - org.scala-ide.sdt.core - org.scala-ide.sdt.core - 0 - scala.reflect.internal.MissingRequirementError: object scala in compiler mirror not found.
2017-09-26 12:12:48,770 ERROR [main] - org.scala-ide.sdt.core - org.scala-ide.sdt.core - org.scala-ide.sdt.core - 0 - scala.reflect.internal.MissingRequirementError: object scala in compiler mirror not found.
2017-09-26 12:12:48,772  WARN [scala-execution-context-global-145] - ScalaProject - Project SparkScalaCourse has platform default sourceLevel.
2017-09-26 12:12:48,772  WARN [scala-execution-context-global-145] - ScalaProject - Project SparkScalaCourse runs on platform default installation.
2017-09-26 12:12:48,779 ERROR [main] - org.scala-ide.sdt.core - org.scala-ide.sdt.core - org.scala-ide.sdt.core - 0 - scala.reflect.internal.MissingRequirementError: object scala in compiler mirror not found.
2017-09-26 12:12:48,779 ERROR [main] - org.scala-ide.sdt.core - org.scala-ide.sdt.core - org.scala-ide.sdt.core - 0 - scala.reflect.internal.MissingRequirementError: object scala in compiler mirror not found.
2017-09-26 12:12:48,783  WARN [scala-execution-context-global-145] - ScalaProject - Project SparkScalaCourse has platform default sourceLevel.
2017-09-26 12:12:48,783  WARN [scala-execution-context-global-145] - ScalaProject - Project SparkScalaCourse runs on platform default installation.
2017-09-26 12:12:48,821  WARN [main] - ScalaProject - Project SparkScalaCourse has platform default sourceLevel.
2017-09-26 12:12:48,821  WARN [main] - ScalaProject - Project SparkScalaCourse runs on platform default installation.
2017-09-26 12:12:48,838  WARN [scala-execution-context-global-145] - ScalaProject - Project SparkScalaCourse has platform default sourceLevel.
2017-09-26 12:12:48,838  WARN [scala-execution-context-global-145] - ScalaProject - Project SparkScalaCourse runs on platform default installation.
2017-09-26 12:12:48,856 ERROR [main] - org.scala-ide.sdt.core - org.scala-ide.sdt.core - org.scala-ide.sdt.core - 0 - scala.reflect.internal.MissingRequirementError: object scala in compiler mirror not found.
2017-09-26 12:12:48,856 ERROR [main] - org.scala-ide.sdt.core - org.scala-ide.sdt.core - org.scala-ide.sdt.core - 0 - scala.reflect.internal.MissingRequirementError: object scala in compiler mirror not found.
2017-09-26 12:12:48,877 ERROR [main] - org.scala-ide.sdt.core - org.scala-ide.sdt.core - org.scala-ide.sdt.core - 0 - scala.reflect.internal.MissingRequirementError: object scala in compiler mirror not found.
2017-09-26 12:12:49,720  WARN [org.scalaide.ui.internal.reconciliation.ScalaReconciler] - ScalaProject - Project SparkScalaCourse has platform default sourceLevel.
2017-09-26 12:12:49,720  WARN [org.scalaide.ui.internal.reconciliation.ScalaReconciler] - ScalaProject - Project SparkScalaCourse runs on platform default installation.
2017-09-26 12:12:49,723 ERROR [main] - org.scala-ide.sdt.core - org.scala-ide.sdt.core - org.scala-ide.sdt.core - 0 - scala.reflect.internal.MissingRequirementError: object scala in compiler mirror not found.
2017-09-26 12:12:50,225  WARN [org.scalaide.ui.internal.reconciliation.ScalaReconciler] - ScalaProject - Project SparkScalaCourse has platform default sourceLevel.
2017-09-26 12:12:50,225  WARN [org.scalaide.ui.internal.reconciliation.ScalaReconciler] - ScalaProject - Project SparkScalaCourse runs on platform default installation.
2017-09-26 12:12:50,229 ERROR [main] - org.scala-ide.sdt.core - org.scala-ide.sdt.core - org.scala-ide.sdt.core - 0 - scala.reflect.internal.MissingRequirementError: object scala in compiler mirror not found.
2017-09-26 12:12:55,111  WARN [Text Viewer Hover Presenter] - ScalaProject - Project SparkScalaCourse has platform default sourceLevel.
2017-09-26 12:12:55,111  WARN [Text Viewer Hover Presenter] - ScalaProject - Project SparkScalaCourse runs on platform default installation.
2017-09-26 12:12:55,117 ERROR [main] - org.scala-ide.sdt.core - org.scala-ide.sdt.core - org.scala-ide.sdt.core - 0 - scala.reflect.internal.MissingRequirementError: object scala in compiler mirror not found.
2017-09-26 12:12:55,118  WARN [Text Viewer Hover Presenter] - ScalaProject - Project SparkScalaCourse has platform default sourceLevel.
2017-09-26 12:12:55,118  WARN [Text Viewer Hover Presenter] - ScalaProject - Project SparkScalaCourse runs on platform default installation.
2017-09-26 12:12:55,122 ERROR [main] - org.scala-ide.sdt.core - org.scala-ide.sdt.core - org.scala-ide.sdt.core - 0 - scala.reflect.internal.MissingRequirementError: object scala in compiler mirror not found.
2017-09-26 12:12:56,814  WARN [Text Viewer Hover Presenter] - ScalaProject - Project SparkScalaCourse has platform default sourceLevel.
2017-09-26 12:12:56,814  WARN [Text Viewer Hover Presenter] - ScalaProject - Project SparkScalaCourse runs on platform default installation.
2017-09-26 12:12:56,821 ERROR [main] - org.scala-ide.sdt.core - org.scala-ide.sdt.core - org.scala-ide.sdt.core - 0 - scala.reflect.internal.MissingRequirementError: object scala in compiler mirror not found.
2017-09-26 12:12:56,821  WARN [Text Viewer Hover Presenter] - ScalaProject - Project SparkScalaCourse has platform default sourceLevel.
2017-09-26 12:12:56,821  WARN [Text Viewer Hover Presenter] - ScalaProject - Project SparkScalaCourse runs on platform default installation.
2017-09-26 12:12:56,824 ERROR [main] - org.scala-ide.sdt.core - org.scala-ide.sdt.core - org.scala-ide.sdt.core - 0 - scala.reflect.internal.MissingRequirementError: object scala in compiler mirror not found.
2017-09-26 12:12:58,732  WARN [org.scalaide.ui.internal.reconciliation.ScalaReconciler] - ScalaProject - Project SparkScalaCourse has platform default sourceLevel.
2017-09-26 12:12:58,732  WARN [org.scalaide.ui.internal.reconciliation.ScalaReconciler] - ScalaProject - Project SparkScalaCourse runs on platform default installation.
2017-09-26 12:12:58,736 ERROR [main] - org.scala-ide.sdt.core - org.scala-ide.sdt.core - org.scala-ide.sdt.core - 0 - scala.reflect.internal.MissingRequirementError: object scala in compiler mirror not found.
2017-09-26 12:12:59,236  WARN [org.scalaide.ui.internal.reconciliation.ScalaReconciler] - ScalaProject - Project SparkScalaCourse has platform default sourceLevel.
2017-09-26 12:12:59,236  WARN [org.scalaide.ui.internal.reconciliation.ScalaReconciler] - ScalaProject - Project SparkScalaCourse runs on platform default installation.
2017-09-26 12:12:59,240 ERROR [main] - org.scala-ide.sdt.core - org.scala-ide.sdt.core - org.scala-ide.sdt.core - 0 - scala.reflect.internal.MissingRequirementError: object scala in compiler mirror not found.
2017-09-26 12:13:09,245  WARN [org.scalaide.ui.internal.reconciliation.ScalaReconciler] - ScalaProject - Project SparkScalaCourse has platform default sourceLevel.
2017-09-26 12:13:09,245  WARN [org.scalaide.ui.internal.reconciliation.ScalaReconciler] - ScalaProject - Project SparkScalaCourse runs on platform default installation.
2017-09-26 12:13:09,253 ERROR [main] - org.scala-ide.sdt.core - org.scala-ide.sdt.core - org.scala-ide.sdt.core - 0 - scala.reflect.internal.MissingRequirementError: object scala in compiler mirror not found.
2017-09-26 12:13:09,755  WARN [org.scalaide.ui.internal.reconciliation.ScalaReconciler] - ScalaProject - Project SparkScalaCourse has platform default sourceLevel.
2017-09-26 12:13:09,755  WARN [org.scalaide.ui.internal.reconciliation.ScalaReconciler] - ScalaProject - Project SparkScalaCourse runs on platform default installation.
2017-09-26 12:13:09,786 ERROR [main] - org.scala-ide.sdt.core - org.scala-ide.sdt.core - org.scala-ide.sdt.core - 0 - scala.reflect.internal.MissingRequirementError: object scala in compiler mirror not found.
2017-09-26 12:49:10,347  WARN [Worker-15] - ScalaProject - Project SparkScalaCourse has platform default sourceLevel.
2017-09-26 12:49:10,347  WARN [Worker-15] - ScalaProject - Project SparkScalaCourse runs on platform default installation.
2017-09-26 12:49:13,213  WARN [org.scalaide.ui.internal.reconciliation.ScalaReconciler] - ScalaProject - Project SparkScalaCourse has platform default sourceLevel.
2017-09-26 12:49:13,213  WARN [org.scalaide.ui.internal.reconciliation.ScalaReconciler] - ScalaProject - Project SparkScalaCourse runs on platform default installation.
2017-09-26 12:56:11,061  WARN [org.scalaide.ui.internal.reconciliation.ScalaReconciler] - ScalaProject - Project SparkScalaCourse has platform default sourceLevel.
2017-09-26 12:56:11,079  WARN [org.scalaide.ui.internal.reconciliation.ScalaReconciler] - ScalaProject - Project SparkScalaCourse runs on platform default installation.
2017-09-26 12:59:37,022 ERROR [main] - Statistics - Statistics file `/home/adityasharma/.scalaide/statistics` is corrupted. A new one is being created. Corrupted content was:

com.cedarsoftware.util.io.JsonIoException: error parsing JSON value
	at com.cedarsoftware.util.io.JsonReader.readObject(JsonReader.java:529)
	at com.cedarsoftware.util.io.JsonReader.jsonToJava(JsonReader.java:289)
	at com.cedarsoftware.util.io.JsonReader.jsonToJava(JsonReader.java:262)
	at org.scalaide.core.internal.statistics.Statistics.read(Statistics.scala:74)
	at org.scalaide.core.internal.statistics.Statistics.$anonfun$readStats$1(Statistics.scala:52)
	at org.scalaide.core.internal.statistics.Statistics.$anonfun$readStats$1$adapted(Statistics.scala:51)
	at org.scalaide.core.ScalaIdeDataStore$.$anonfun$validate$2(ScalaIdeDataStore.scala:59)
	at org.scalaide.util.eclipse.EclipseUtils$$anon$3.run(EclipseUtils.scala:230)
	at org.eclipse.core.runtime.SafeRunner.run(SafeRunner.java:42)
	at org.scalaide.util.eclipse.EclipseUtils$.withSafeRunner(EclipseUtils.scala:226)
	at org.scalaide.core.ScalaIdeDataStore$.validate(ScalaIdeDataStore.scala:59)
	at org.scalaide.core.internal.statistics.Statistics.readStats(Statistics.scala:51)
	at org.scalaide.core.internal.statistics.Statistics.<init>(Statistics.scala:30)
	at org.scalaide.core.internal.ScalaPlugin.stats$lzycompute(ScalaPlugin.scala:137)
	at org.scalaide.core.internal.ScalaPlugin.stats(ScalaPlugin.scala:137)
	at org.scalaide.core.internal.ScalaPlugin.statistics(ScalaPlugin.scala:140)
	at org.scalaide.core.internal.ScalaPlugin.start(ScalaPlugin.scala:111)
	at org.eclipse.osgi.internal.framework.BundleContextImpl$3.run(BundleContextImpl.java:774)
	at org.eclipse.osgi.internal.framework.BundleContextImpl$3.run(BundleContextImpl.java:1)
	at java.security.AccessController.doPrivileged(Native Method)
	at org.eclipse.osgi.internal.framework.BundleContextImpl.startActivator(BundleContextImpl.java:767)
	at org.eclipse.osgi.internal.framework.BundleContextImpl.start(BundleContextImpl.java:724)
	at org.eclipse.osgi.internal.framework.EquinoxBundle.startWorker0(EquinoxBundle.java:932)
	at org.eclipse.osgi.internal.framework.EquinoxBundle$EquinoxModule.startWorker(EquinoxBundle.java:309)
	at org.eclipse.osgi.container.Module.doStart(Module.java:581)
	at org.eclipse.osgi.container.Module.start(Module.java:449)
	at org.eclipse.osgi.framework.util.SecureAction.start(SecureAction.java:470)
	at org.eclipse.osgi.internal.hooks.EclipseLazyStarter.postFindLocalClass(EclipseLazyStarter.java:107)
	at org.eclipse.osgi.internal.loader.classpath.ClasspathManager.findLocalClass(ClasspathManager.java:529)
	at org.eclipse.osgi.internal.loader.ModuleClassLoader.findLocalClass(ModuleClassLoader.java:325)
	at org.eclipse.osgi.internal.loader.BundleLoader.findLocalClass(BundleLoader.java:345)
	at org.eclipse.osgi.internal.loader.BundleLoader.findClassInternal(BundleLoader.java:423)
	at org.eclipse.osgi.internal.loader.BundleLoader.findClass(BundleLoader.java:372)
	at org.eclipse.osgi.internal.loader.BundleLoader.findClass(BundleLoader.java:364)
	at org.eclipse.osgi.internal.loader.ModuleClassLoader.loadClass(ModuleClassLoader.java:161)
	at java.lang.ClassLoader.loadClass(ClassLoader.java:357)
	at org.eclipse.osgi.internal.framework.EquinoxBundle.loadClass(EquinoxBundle.java:564)
	at org.eclipse.core.internal.registry.osgi.RegistryStrategyOSGI.createExecutableExtension(RegistryStrategyOSGI.java:174)
	at org.eclipse.core.internal.registry.ExtensionRegistry.createExecutableExtension(ExtensionRegistry.java:905)
	at org.eclipse.core.internal.registry.ConfigurationElement.createExecutableExtension(ConfigurationElement.java:243)
	at org.eclipse.core.internal.registry.ConfigurationElementHandle.createExecutableExtension(ConfigurationElementHandle.java:55)
	at org.eclipse.jdt.internal.ui.filters.FilterDescriptor$1.run(FilterDescriptor.java:135)
	at org.eclipse.core.runtime.SafeRunner.run(SafeRunner.java:42)
	at org.eclipse.jdt.internal.ui.filters.FilterDescriptor.createViewerFilter(FilterDescriptor.java:139)
	at org.eclipse.jdt.ui.actions.CustomFiltersActionGroup$FilterItem.getFilterInstance(CustomFiltersActionGroup.java:187)
	at org.eclipse.jdt.ui.actions.CustomFiltersActionGroup.updateViewerFilters(CustomFiltersActionGroup.java:517)
	at org.eclipse.jdt.ui.actions.CustomFiltersActionGroup.<init>(CustomFiltersActionGroup.java:275)
	at org.eclipse.jdt.ui.actions.CustomFiltersActionGroup.<init>(CustomFiltersActionGroup.java:241)
	at org.eclipse.jdt.internal.ui.packageview.PackageExplorerActionGroup.<init>(PackageExplorerActionGroup.java:149)
	at org.eclipse.jdt.internal.ui.packageview.PackageExplorerPart.makeActions(PackageExplorerPart.java:800)
	at org.eclipse.jdt.internal.ui.packageview.PackageExplorerPart.createPartControl(PackageExplorerPart.java:506)
	at org.eclipse.ui.internal.e4.compatibility.CompatibilityPart.createPartControl(CompatibilityPart.java:150)
	at org.eclipse.ui.internal.e4.compatibility.CompatibilityView.createPartControl(CompatibilityView.java:143)
	at org.eclipse.ui.internal.e4.compatibility.CompatibilityPart.create(CompatibilityPart.java:340)
	at sun.reflect.NativeMethodAccessorImpl.invoke0(Native Method)
	at sun.reflect.NativeMethodAccessorImpl.invoke(NativeMethodAccessorImpl.java:62)
	at sun.reflect.DelegatingMethodAccessorImpl.invoke(DelegatingMethodAccessorImpl.java:43)
	at java.lang.reflect.Method.invoke(Method.java:498)
	at org.eclipse.e4.core.internal.di.MethodRequestor.execute(MethodRequestor.java:55)
	at org.eclipse.e4.core.internal.di.InjectorImpl.processAnnotated(InjectorImpl.java:966)
	at org.eclipse.e4.core.internal.di.InjectorImpl.processAnnotated(InjectorImpl.java:931)
	at org.eclipse.e4.core.internal.di.InjectorImpl.inject(InjectorImpl.java:151)
	at org.eclipse.e4.core.internal.di.InjectorImpl.internalMake(InjectorImpl.java:375)
	at org.eclipse.e4.core.internal.di.InjectorImpl.make(InjectorImpl.java:294)
	at org.eclipse.e4.core.contexts.ContextInjectionFactory.make(ContextInjectionFactory.java:162)
	at org.eclipse.e4.ui.internal.workbench.ReflectionContributionFactory.createFromBundle(ReflectionContributionFactory.java:105)
	at org.eclipse.e4.ui.internal.workbench.ReflectionContributionFactory.doCreate(ReflectionContributionFactory.java:74)
	at org.eclipse.e4.ui.internal.workbench.ReflectionContributionFactory.create(ReflectionContributionFactory.java:56)
	at org.eclipse.e4.ui.workbench.renderers.swt.ContributedPartRenderer.createWidget(ContributedPartRenderer.java:129)
	at org.eclipse.e4.ui.internal.workbench.swt.PartRenderingEngine.createWidget(PartRenderingEngine.java:975)
	at org.eclipse.e4.ui.internal.workbench.swt.PartRenderingEngine.safeCreateGui(PartRenderingEngine.java:651)
	at org.eclipse.e4.ui.internal.workbench.swt.PartRenderingEngine$1.run(PartRenderingEngine.java:536)
	at org.eclipse.core.runtime.SafeRunner.run(SafeRunner.java:42)
	at org.eclipse.e4.ui.internal.workbench.swt.PartRenderingEngine.createGui(PartRenderingEngine.java:520)
	at org.eclipse.e4.ui.workbench.renderers.swt.ElementReferenceRenderer.createWidget(ElementReferenceRenderer.java:70)
	at org.eclipse.e4.ui.internal.workbench.swt.PartRenderingEngine.createWidget(PartRenderingEngine.java:975)
	at org.eclipse.e4.ui.internal.workbench.swt.PartRenderingEngine.safeCreateGui(PartRenderingEngine.java:651)
	at org.eclipse.e4.ui.internal.workbench.swt.PartRenderingEngine.safeCreateGui(PartRenderingEngine.java:757)
	at org.eclipse.e4.ui.internal.workbench.swt.PartRenderingEngine.access$0(PartRenderingEngine.java:728)
	at org.eclipse.e4.ui.internal.workbench.swt.PartRenderingEngine$2.run(PartRenderingEngine.java:722)
	at org.eclipse.core.runtime.SafeRunner.run(SafeRunner.java:42)
	at org.eclipse.e4.ui.internal.workbench.swt.PartRenderingEngine.createGui(PartRenderingEngine.java:706)
	at org.eclipse.e4.ui.workbench.renderers.swt.StackRenderer.showTab(StackRenderer.java:1324)
	at org.eclipse.e4.ui.workbench.renderers.swt.LazyStackRenderer.postProcess(LazyStackRenderer.java:103)
	at org.eclipse.e4.ui.internal.workbench.swt.PartRenderingEngine.safeCreateGui(PartRenderingEngine.java:669)
	at org.eclipse.e4.ui.internal.workbench.swt.PartRenderingEngine.safeCreateGui(PartRenderingEngine.java:757)
	at org.eclipse.e4.ui.internal.workbench.swt.PartRenderingEngine.access$0(PartRenderingEngine.java:728)
	at org.eclipse.e4.ui.internal.workbench.swt.PartRenderingEngine$2.run(PartRenderingEngine.java:722)
	at org.eclipse.core.runtime.SafeRunner.run(SafeRunner.java:42)
	at org.eclipse.e4.ui.internal.workbench.swt.PartRenderingEngine.createGui(PartRenderingEngine.java:706)
	at org.eclipse.e4.ui.workbench.renderers.swt.SWTPartRenderer.processContents(SWTPartRenderer.java:70)
	at org.eclipse.e4.ui.workbench.renderers.swt.SashRenderer.processContents(SashRenderer.java:142)
	at org.eclipse.e4.ui.internal.workbench.swt.PartRenderingEngine.safeCreateGui(PartRenderingEngine.java:665)
	at org.eclipse.e4.ui.internal.workbench.swt.PartRenderingEngine.safeCreateGui(PartRenderingEngine.java:757)
	at org.eclipse.e4.ui.internal.workbench.swt.PartRenderingEngine.access$0(PartRenderingEngine.java:728)
	at org.eclipse.e4.ui.internal.workbench.swt.PartRenderingEngine$2.run(PartRenderingEngine.java:722)
	at org.eclipse.core.runtime.SafeRunner.run(SafeRunner.java:42)
	at org.eclipse.e4.ui.internal.workbench.swt.PartRenderingEngine.createGui(PartRenderingEngine.java:706)
	at org.eclipse.e4.ui.workbench.renderers.swt.SWTPartRenderer.processContents(SWTPartRenderer.java:70)
	at org.eclipse.e4.ui.workbench.renderers.swt.PerspectiveRenderer.processContents(PerspectiveRenderer.java:49)
	at org.eclipse.e4.ui.internal.workbench.swt.PartRenderingEngine.safeCreateGui(PartRenderingEngine.java:665)
	at org.eclipse.e4.ui.internal.workbench.swt.PartRenderingEngine.safeCreateGui(PartRenderingEngine.java:757)
	at org.eclipse.e4.ui.internal.workbench.swt.PartRenderingEngine.access$0(PartRenderingEngine.java:728)
	at org.eclipse.e4.ui.internal.workbench.swt.PartRenderingEngine$2.run(PartRenderingEngine.java:722)
	at org.eclipse.core.runtime.SafeRunner.run(SafeRunner.java:42)
	at org.eclipse.e4.ui.internal.workbench.swt.PartRenderingEngine.createGui(PartRenderingEngine.java:706)
	at org.eclipse.e4.ui.workbench.renderers.swt.PerspectiveStackRenderer.showTab(PerspectiveStackRenderer.java:82)
	at org.eclipse.e4.ui.workbench.renderers.swt.LazyStackRenderer.postProcess(LazyStackRenderer.java:103)
	at org.eclipse.e4.ui.workbench.renderers.swt.PerspectiveStackRenderer.postProcess(PerspectiveStackRenderer.java:63)
	at org.eclipse.e4.ui.internal.workbench.swt.PartRenderingEngine.safeCreateGui(PartRenderingEngine.java:669)
	at org.eclipse.e4.ui.internal.workbench.swt.PartRenderingEngine.safeCreateGui(PartRenderingEngine.java:757)
	at org.eclipse.e4.ui.internal.workbench.swt.PartRenderingEngine.access$0(PartRenderingEngine.java:728)
	at org.eclipse.e4.ui.internal.workbench.swt.PartRenderingEngine$2.run(PartRenderingEngine.java:722)
	at org.eclipse.core.runtime.SafeRunner.run(SafeRunner.java:42)
	at org.eclipse.e4.ui.internal.workbench.swt.PartRenderingEngine.createGui(PartRenderingEngine.java:706)
	at org.eclipse.e4.ui.workbench.renderers.swt.SWTPartRenderer.processContents(SWTPartRenderer.java:70)
	at org.eclipse.e4.ui.workbench.renderers.swt.SashRenderer.processContents(SashRenderer.java:142)
	at org.eclipse.e4.ui.internal.workbench.swt.PartRenderingEngine.safeCreateGui(PartRenderingEngine.java:665)
	at org.eclipse.e4.ui.internal.workbench.swt.PartRenderingEngine.safeCreateGui(PartRenderingEngine.java:757)
	at org.eclipse.e4.ui.internal.workbench.swt.PartRenderingEngine.access$0(PartRenderingEngine.java:728)
	at org.eclipse.e4.ui.internal.workbench.swt.PartRenderingEngine$2.run(PartRenderingEngine.java:722)
	at org.eclipse.core.runtime.SafeRunner.run(SafeRunner.java:42)
	at org.eclipse.e4.ui.internal.workbench.swt.PartRenderingEngine.createGui(PartRenderingEngine.java:706)
	at org.eclipse.e4.ui.workbench.renderers.swt.SWTPartRenderer.processContents(SWTPartRenderer.java:70)
	at org.eclipse.e4.ui.workbench.renderers.swt.WBWRenderer.processContents(WBWRenderer.java:725)
	at org.eclipse.e4.ui.internal.workbench.swt.PartRenderingEngine.safeCreateGui(PartRenderingEngine.java:665)
	at org.eclipse.e4.ui.internal.workbench.swt.PartRenderingEngine.safeCreateGui(PartRenderingEngine.java:757)
	at org.eclipse.e4.ui.internal.workbench.swt.PartRenderingEngine.access$0(PartRenderingEngine.java:728)
	at org.eclipse.e4.ui.internal.workbench.swt.PartRenderingEngine$2.run(PartRenderingEngine.java:722)
	at org.eclipse.core.runtime.SafeRunner.run(SafeRunner.java:42)
	at org.eclipse.e4.ui.internal.workbench.swt.PartRenderingEngine.createGui(PartRenderingEngine.java:706)
	at org.eclipse.e4.ui.internal.workbench.swt.PartRenderingEngine$4.run(PartRenderingEngine.java:1059)
	at org.eclipse.core.databinding.observable.Realm.runWithDefault(Realm.java:336)
	at org.eclipse.e4.ui.internal.workbench.swt.PartRenderingEngine.run(PartRenderingEngine.java:1022)
	at org.eclipse.e4.ui.internal.workbench.E4Workbench.createAndRunUI(E4Workbench.java:150)
	at org.eclipse.ui.internal.Workbench$5.run(Workbench.java:693)
	at org.eclipse.core.databinding.observable.Realm.runWithDefault(Realm.java:336)
	at org.eclipse.ui.internal.Workbench.createAndRunWorkbench(Workbench.java:610)
	at org.eclipse.ui.PlatformUI.createAndRunWorkbench(PlatformUI.java:148)
	at org.eclipse.ui.internal.ide.application.IDEApplication.start(IDEApplication.java:138)
	at org.eclipse.equinox.internal.app.EclipseAppHandle.run(EclipseAppHandle.java:196)
	at org.eclipse.core.runtime.internal.adaptor.EclipseAppLauncher.runApplication(EclipseAppLauncher.java:134)
	at org.eclipse.core.runtime.internal.adaptor.EclipseAppLauncher.start(EclipseAppLauncher.java:104)
	at org.eclipse.core.runtime.adaptor.EclipseStarter.run(EclipseStarter.java:388)
	at org.eclipse.core.runtime.adaptor.EclipseStarter.run(EclipseStarter.java:243)
	at sun.reflect.NativeMethodAccessorImpl.invoke0(Native Method)
	at sun.reflect.NativeMethodAccessorImpl.invoke(NativeMethodAccessorImpl.java:62)
	at sun.reflect.DelegatingMethodAccessorImpl.invoke(DelegatingMethodAccessorImpl.java:43)
	at java.lang.reflect.Method.invoke(Method.java:498)
	at org.eclipse.equinox.launcher.Main.invokeFramework(Main.java:673)
	at org.eclipse.equinox.launcher.Main.basicRun(Main.java:610)
	at org.eclipse.equinox.launcher.Main.run(Main.java:1519)
	at org.eclipse.equinox.launcher.Main.main(Main.java:1492)
Caused by: com.cedarsoftware.util.io.JsonIoException: EOF reached prematurely
	at com.cedarsoftware.util.io.JsonParser.error(JsonParser.java:584)
	at com.cedarsoftware.util.io.JsonParser.readValue(JsonParser.java:278)
	at com.cedarsoftware.util.io.JsonReader.readObject(JsonReader.java:521)
	... 152 more
2017-09-26 12:59:38,317  WARN [main] - ScalaProject - Project SparkScalaCourse has platform default sourceLevel.
2017-09-26 12:59:38,318  WARN [main] - ScalaProject - Project SparkScalaCourse runs on platform default installation.
2017-09-26 13:04:11,262  WARN [main] - org.scala-ide.sdt.core - org.scala-ide.sdt.core - org.scala-ide.sdt.core - 0 - Preference scala.compiler.sourceLevel was uninitialized for SparkScalaCourse, setting default to 2.12.
2017-09-26 16:13:23,807  WARN [ModalContext] - ScalaProject - Project SparkUdemy has platform default sourceLevel.
2017-09-26 16:13:23,844  WARN [ModalContext] - ScalaProject - Project SparkUdemy runs on platform default installation.
2017-09-26 16:13:24,820  WARN [Worker-45] - ScalaProject - Project SparkUdemy has platform default sourceLevel.
2017-09-26 16:13:24,821  WARN [Worker-45] - ScalaProject - Project SparkUdemy runs on platform default installation.
2017-09-26 16:14:02,007  WARN [Worker-47] - ScalaProject - Project SparkUdemy has platform default sourceLevel.
2017-09-26 16:14:02,007  WARN [Worker-47] - ScalaProject - Project SparkUdemy runs on platform default installation.
2017-09-26 16:14:54,267  WARN [Worker-46] - ScalaProject - Project SparkUdemy has platform default sourceLevel.
2017-09-26 16:14:54,267  WARN [Worker-46] - ScalaProject - Project SparkUdemy runs on platform default installation.
2017-09-26 16:14:54,666  WARN [Java indexing] - ScalaProject - Project SparkUdemy has platform default sourceLevel.
2017-09-26 16:14:54,666  WARN [Java indexing] - ScalaProject - Project SparkUdemy runs on platform default installation.
2017-09-26 16:15:32,210  WARN [Worker-46] - ScalaProject - Project SparkUdemy has platform default sourceLevel.
2017-09-26 16:15:32,227  WARN [Worker-46] - ScalaProject - Project SparkUdemy runs on platform default installation.
2017-09-26 16:15:32,760  WARN [org.scalaide.ui.internal.reconciliation.ScalaReconciler] - ScalaProject - Project SparkUdemy has platform default sourceLevel.
2017-09-26 16:15:32,760  WARN [org.scalaide.ui.internal.reconciliation.ScalaReconciler] - ScalaProject - Project SparkUdemy runs on platform default installation.
2017-09-26 16:23:28,128  WARN [ModalContext] - ScalaProject - Project SparkScalaCourse has platform default sourceLevel.
2017-09-26 16:23:28,168  WARN [ModalContext] - ScalaProject - Project SparkScalaCourse runs on platform default installation.
2017-09-26 16:23:28,239  WARN [ModalContext] - ScalaProject - Project SparkScalaCourse has platform default sourceLevel.
2017-09-26 16:23:28,239  WARN [ModalContext] - ScalaProject - Project SparkScalaCourse runs on platform default installation.
2017-09-27 09:09:47,260 ERROR [Worker-1] - Statistics - Statistics file `/home/adityasharma/.scalaide/statistics` is corrupted. A new one is being created. Corrupted content was:

com.cedarsoftware.util.io.JsonIoException: error parsing JSON value
	at com.cedarsoftware.util.io.JsonReader.readObject(JsonReader.java:529)
	at com.cedarsoftware.util.io.JsonReader.jsonToJava(JsonReader.java:289)
	at com.cedarsoftware.util.io.JsonReader.jsonToJava(JsonReader.java:262)
	at org.scalaide.core.internal.statistics.Statistics.read(Statistics.scala:74)
	at org.scalaide.core.internal.statistics.Statistics.$anonfun$readStats$1(Statistics.scala:52)
	at org.scalaide.core.internal.statistics.Statistics.$anonfun$readStats$1$adapted(Statistics.scala:51)
	at org.scalaide.core.ScalaIdeDataStore$.$anonfun$validate$2(ScalaIdeDataStore.scala:59)
	at org.scalaide.util.eclipse.EclipseUtils$$anon$3.run(EclipseUtils.scala:230)
	at org.eclipse.core.runtime.SafeRunner.run(SafeRunner.java:42)
	at org.scalaide.util.eclipse.EclipseUtils$.withSafeRunner(EclipseUtils.scala:226)
	at org.scalaide.core.ScalaIdeDataStore$.validate(ScalaIdeDataStore.scala:59)
	at org.scalaide.core.internal.statistics.Statistics.readStats(Statistics.scala:51)
	at org.scalaide.core.internal.statistics.Statistics.<init>(Statistics.scala:30)
	at org.scalaide.core.internal.ScalaPlugin.stats$lzycompute(ScalaPlugin.scala:137)
	at org.scalaide.core.internal.ScalaPlugin.stats(ScalaPlugin.scala:137)
	at org.scalaide.core.internal.ScalaPlugin.statistics(ScalaPlugin.scala:140)
	at org.scalaide.core.internal.ScalaPlugin.start(ScalaPlugin.scala:111)
	at org.eclipse.osgi.internal.framework.BundleContextImpl$3.run(BundleContextImpl.java:774)
	at org.eclipse.osgi.internal.framework.BundleContextImpl$3.run(BundleContextImpl.java:1)
	at java.security.AccessController.doPrivileged(Native Method)
	at org.eclipse.osgi.internal.framework.BundleContextImpl.startActivator(BundleContextImpl.java:767)
	at org.eclipse.osgi.internal.framework.BundleContextImpl.start(BundleContextImpl.java:724)
	at org.eclipse.osgi.internal.framework.EquinoxBundle.startWorker0(EquinoxBundle.java:932)
	at org.eclipse.osgi.internal.framework.EquinoxBundle$EquinoxModule.startWorker(EquinoxBundle.java:309)
	at org.eclipse.osgi.container.Module.doStart(Module.java:581)
	at org.eclipse.osgi.container.Module.start(Module.java:449)
	at org.eclipse.osgi.framework.util.SecureAction.start(SecureAction.java:470)
	at org.eclipse.osgi.internal.hooks.EclipseLazyStarter.postFindLocalClass(EclipseLazyStarter.java:107)
	at org.eclipse.osgi.internal.loader.classpath.ClasspathManager.findLocalClass(ClasspathManager.java:529)
	at org.eclipse.osgi.internal.loader.ModuleClassLoader.findLocalClass(ModuleClassLoader.java:325)
	at org.eclipse.osgi.internal.loader.BundleLoader.findLocalClass(BundleLoader.java:345)
	at org.eclipse.osgi.internal.loader.BundleLoader.findClassInternal(BundleLoader.java:423)
	at org.eclipse.osgi.internal.loader.BundleLoader.findClass(BundleLoader.java:372)
	at org.eclipse.osgi.internal.loader.BundleLoader.findClass(BundleLoader.java:364)
	at org.eclipse.osgi.internal.loader.ModuleClassLoader.loadClass(ModuleClassLoader.java:161)
	at java.lang.ClassLoader.loadClass(ClassLoader.java:357)
	at org.eclipse.osgi.internal.framework.EquinoxBundle.loadClass(EquinoxBundle.java:564)
	at org.eclipse.core.internal.registry.osgi.RegistryStrategyOSGI.createExecutableExtension(RegistryStrategyOSGI.java:174)
	at org.eclipse.core.internal.registry.ExtensionRegistry.createExecutableExtension(ExtensionRegistry.java:905)
	at org.eclipse.core.internal.registry.ConfigurationElement.createExecutableExtension(ConfigurationElement.java:243)
	at org.eclipse.core.internal.registry.ConfigurationElementHandle.createExecutableExtension(ConfigurationElementHandle.java:55)
	at org.eclipse.core.internal.events.BuildManager.instantiateBuilder(BuildManager.java:902)
	at org.eclipse.core.internal.events.BuildManager.initializeBuilder(BuildManager.java:855)
	at org.eclipse.core.internal.events.BuildManager.getBuilder(BuildManager.java:547)
	at org.eclipse.core.internal.events.BuildManager.getBuilder(BuildManager.java:576)
	at org.eclipse.core.internal.events.BuildManager.basicBuild(BuildManager.java:244)
	at org.eclipse.core.internal.events.BuildManager$1.run(BuildManager.java:301)
	at org.eclipse.core.runtime.SafeRunner.run(SafeRunner.java:42)
	at org.eclipse.core.internal.events.BuildManager.basicBuild(BuildManager.java:304)
	at org.eclipse.core.internal.events.BuildManager.basicBuildLoop(BuildManager.java:360)
	at org.eclipse.core.internal.events.BuildManager.build(BuildManager.java:383)
	at org.eclipse.core.internal.events.AutoBuildJob.doBuild(AutoBuildJob.java:144)
	at org.eclipse.core.internal.events.AutoBuildJob.run(AutoBuildJob.java:235)
	at org.eclipse.core.internal.jobs.Worker.run(Worker.java:55)
Caused by: com.cedarsoftware.util.io.JsonIoException: EOF reached prematurely
	at com.cedarsoftware.util.io.JsonParser.error(JsonParser.java:584)
	at com.cedarsoftware.util.io.JsonParser.readValue(JsonParser.java:278)
	at com.cedarsoftware.util.io.JsonReader.readObject(JsonReader.java:521)
	... 53 more
2017-09-27 09:09:54,644  WARN [main] - org.scala-ide.sdt.core - org.scala-ide.sdt.core - org.scala-ide.sdt.core - 0 - Preference scala.compiler.sourceLevel was uninitialized for SparkUdemy, setting default to 2.12.
2017-09-27 09:33:05,015  WARN [main] - ScalaProject - Project SparkUdemy has platform default sourceLevel.
2017-09-27 09:33:05,016  WARN [main] - ScalaProject - Project SparkUdemy runs on platform default installation.
2017-09-27 09:33:08,803  WARN [Worker-10] - ScalaProject - Project SparkUdemy has platform default sourceLevel.
2017-09-27 09:33:08,804  WARN [Worker-10] - ScalaProject - Project SparkUdemy runs on platform default installation.
2017-09-27 09:33:09,368  WARN [org.scalaide.ui.internal.reconciliation.ScalaReconciler] - ScalaProject - Project SparkUdemy has platform default sourceLevel.
2017-09-27 09:33:09,368  WARN [org.scalaide.ui.internal.reconciliation.ScalaReconciler] - ScalaProject - Project SparkUdemy runs on platform default installation.
2017-09-27 11:22:41,362  WARN [ModalContext] - ScalaProject - Project SparkUdemy01 has platform default sourceLevel.
2017-09-27 11:22:41,362  WARN [ModalContext] - ScalaProject - Project SparkUdemy01 runs on platform default installation.
2017-09-27 11:22:41,662  WARN [Worker-43] - ScalaProject - Project SparkUdemy01 has platform default sourceLevel.
2017-09-27 11:22:41,662  WARN [Worker-43] - ScalaProject - Project SparkUdemy01 runs on platform default installation.
2017-09-27 11:23:00,308  WARN [Worker-45] - ScalaProject - Project SparkUdemy01 has platform default sourceLevel.
2017-09-27 11:23:00,308  WARN [Worker-45] - ScalaProject - Project SparkUdemy01 runs on platform default installation.
2017-09-27 11:23:06,383  WARN [Worker-46] - ScalaProject - Project SparkUdemy01 has platform default sourceLevel.
2017-09-27 11:23:06,384  WARN [Worker-46] - ScalaProject - Project SparkUdemy01 runs on platform default installation.
2017-09-27 11:23:06,554  WARN [Worker-43] - ScalaProject - Project SparkUdemy01 has platform default sourceLevel.
2017-09-27 11:23:06,554  WARN [Worker-43] - ScalaProject - Project SparkUdemy01 runs on platform default installation.
2017-09-27 11:23:36,432  WARN [Worker-45] - ScalaProject - Project SparkUdemy01 has platform default sourceLevel.
2017-09-27 11:23:36,432  WARN [Worker-45] - ScalaProject - Project SparkUdemy01 runs on platform default installation.
2017-09-27 11:23:37,341  WARN [org.scalaide.ui.internal.reconciliation.ScalaReconciler] - ScalaProject - Project SparkUdemy01 has platform default sourceLevel.
2017-09-27 11:23:37,341  WARN [org.scalaide.ui.internal.reconciliation.ScalaReconciler] - ScalaProject - Project SparkUdemy01 runs on platform default installation.
2017-09-27 11:24:45,444  WARN [ModalContext] - ScalaProject - Project SparkUdemy has platform default sourceLevel.
2017-09-27 11:24:45,444  WARN [ModalContext] - ScalaProject - Project SparkUdemy runs on platform default installation.
2017-09-27 11:24:45,535  WARN [ModalContext] - ScalaProject - Project SparkUdemy has platform default sourceLevel.
2017-09-27 11:24:45,535  WARN [ModalContext] - ScalaProject - Project SparkUdemy runs on platform default installation.
